KCPSM6 Assembler log file for program 'D:\PG\6sys\ISP\Laby\Picoblaze\lampki.psm'.
Generated by KCPSM6 version v2.70
Ken Chapman - Xilinx Ltd - 16th May 2014

Assembly datestamp: 11 Mar 2024
Assembly timestamp: 19:43:20

Contents
  Assembly listing
  List of PSM files
  List of CONSTANTs
  List of TABLEs
  List of STRINGs
  List of line labels
  Instruction usage statistics


Last occupied address: 00A hex
Nominal program memory size: 1K (1024)   address(9:0)
Actual memory size: 4096
  (Default memory size)
Occupied memory locations: 11
Memory locations available: 4085


Assembly listing

 Addr Code               Instruction

 000                     ;
 000                     ; Pierwszy program na PicoBlaze
 000                     ;
 000          loop_main: 
 000  09000              INPUT s0, 00
 001  0D001              TEST s0, 01[00000001'b]
 002  36006              JUMP NZ, 006[pb_pressed]
 003                     ; przycisk zwolniony
 003  0100F              LOAD s0, 0F
 004  2D003              OUTPUT s0, 03
 005  22000              JUMP 000[loop_main]
 006                     ; przycisk naciĹniÄty
 006         pb_pressed: 
 006  01000              LOAD s0, 00
 007  2D001              OUTPUT s0, 01
 008  010FF              LOAD s0, FF
 009  2D002              OUTPUT s0, 02
 00A  22000              JUMP 000[loop_main]
 00B                     ;
 00B                     ; Koniec
 00B                     ;


All unused memory locations contain zero (equivalent to 'LOAD s0, s0')



List of PSM files that have been assembled

D:\PG\6sys\ISP\Laby\Picoblaze\lampki.psm



List of defined constants

 CONSTANT name     Value        Source PSM File

 timestamp_hours   19'd         
 timestamp_minutes 43'd         
 timestamp_seconds 20'd         
 datestamp_year    24'd         
 datestamp_month   3'd          
 datestamp_day     11'd         
 NUL               00           
 BEL               07           
 BS                08           
 HT                09           
 LF                0A           
 VT                0B           
 CR                0D           
 ESC               1B           
 DEL               7F           
 DCS               90           
 ST                9C           



No TABLEs defined



List of text strings

 STRING name       String         Source PSM File

 KCPSM6_version$   "v2.70"        
 datestamp$        "11 Mar 2024"  
 timestamp$        "19:43:20"     



List of line labels

   Label        Addr  Source PSM File

   loop_main    000   lampki.psm
   pb_pressed   006   lampki.psm



Instruction usage statistics

 Instruction    Instances

 LOAD              3
 STAR              -

 AND               -
 OR                -
 XOR               -

 ADD               -
 ADDCY             -
 SUB               -
 SUBCY             -

 TEST              1
 TESTCY            -
 COMPARE           -
 COMPARECY         -

 SL0               -
 SL1               -
 SLX               -
 SLA               -
 RL                -
 SR0               -
 SR1               -
 SRX               -
 SRA               -
 RR                -

 REGBANK           -

 INPUT             1
 OUTPUT            3
 OUTPUTK           -

 STORE             -
 FETCH             -

 DISABLE           -
 ENABLE            -
 RETURNI           -

 JUMP              3
 JUMP@             -
 CALL              -
 CALL@             -
 RETURN            -
 LOAD&RETURN       -

 HWBUILD           -



End of KCPSM6 log file.
